Start testing: May 10 10:51 CST
----------------------------------------------------------
1/6 Testing: Phase1_Engine
1/6 Test: Phase1_Engine
Command: "/home/remedios/mini_storage/build/test_phase1"
Directory: /home/remedios/mini_storage/build
"Phase1_Engine" start time: May 10 10:51 CST
Output:
----------------------------------------------------------
=== Phase 1: 单机存储引擎测试 ===

✓ DB 构造成功
✓ Put 3条记录
✓ Get 3条记录，内容正确
✓ 覆盖写（age: 18 → 20）
✓ Delete 后 Get 返回 false
✓ 不存在的 key 返回 false
✓ 批量写入 1000 条
✓ 抽检通过
[DB] MemTable 刷盘完成 -> /tmp/test_phase1_db/000001.sst（当前共 1 个 SSTable）
✓ FlushMemTable 成功
✓ 刷盘后读取正确
[DB] 加载了 1 个 SSTable 文件，下一个编号: 2
✓ 重新打开后数据持久化正常

✅ Phase 1 所有测试通过！
<end of output>
Test time =   0.01 sec
----------------------------------------------------------
Test Passed.
"Phase1_Engine" end time: May 10 10:51 CST
"Phase1_Engine" time elapsed: 00:00:00
----------------------------------------------------------

2/6 Testing: ThreadPool
2/6 Test: ThreadPool
Command: "/home/remedios/mini_storage/build/test_thread_pool"
Directory: /home/remedios/mini_storage/build
"ThreadPool" start time: May 10 10:51 CST
Output:
----------------------------------------------------------
✓ Test 1: Executed 1000 tasks
✓ Test 2: Max concurrent = 4

✅ ThreadPool all tests passed!
<end of output>
Test time =   1.03 sec
----------------------------------------------------------
Test Passed.
"ThreadPool" end time: May 10 10:51 CST
"ThreadPool" time elapsed: 00:00:01
----------------------------------------------------------

3/6 Testing: MetadataStore
3/6 Test: MetadataStore
Command: "/home/remedios/mini_storage/build/test_metadata_store"
Directory: /home/remedios/mini_storage/build
"MetadataStore" start time: May 10 10:51 CST
Output:
----------------------------------------------------------
✓ CreateFile (duplicate rejection)
✓ GetFile
✓ UpdateFile
✓ AddBlock / GetBlock
✓ UpdateBlockLocation (idempotent)
✓ ListFiles
✓ DeleteFile
✓ DeleteBlock

✅ MetadataStore all tests passed!
<end of output>
Test time =   0.00 sec
----------------------------------------------------------
Test Passed.
"MetadataStore" end time: May 10 10:51 CST
"MetadataStore" time elapsed: 00:00:00
----------------------------------------------------------

4/6 Testing: BlockStore
4/6 Test: BlockStore
Command: "/home/remedios/mini_storage/build/test_block_store"
Directory: /home/remedios/mini_storage/build
"BlockStore" start time: May 10 10:51 CST
Output:
----------------------------------------------------------
✓ Test 1: WriteBlock / ReadBlock (full)
✓ Test 2: Partial read
✓ Test 3: BlockMeta, CRC32=2180431561
✓ Test 4: ListAllBlocks = 3 blocks
✓ Test 5: FreeSpace = 969949 MB
✓ Test 6: DeleteBlock
✓ Test 7: Overwrite block

✅ BlockStore all tests passed!
<end of output>
Test time =   0.01 sec
----------------------------------------------------------
Test Passed.
"BlockStore" end time: May 10 10:51 CST
"BlockStore" time elapsed: 00:00:00
----------------------------------------------------------

5/6 Testing: NameNode
5/6 Test: NameNode
Command: "/home/remedios/mini_storage/build/test_namenode"
Directory: /home/remedios/mini_storage/build
"NameNode" start time: May 10 10:51 CST
Output:
----------------------------------------------------------
=== Week 6: NameNode Integration Test ===
[EditLog] Replayed 0 entries
[TcpServer] listening on 127.0.0.1:19090
[DataNodeManager] Registered: 127.0.0.1:9001 free=10240MB
✓ Registered DataNode 1
[DataNodeManager] Registered: 127.0.0.1:9002 free=10240MB
✓ Registered DataNode 2
[DataNodeManager] Registered: 127.0.0.1:9003 free=10240MB
✓ Registered DataNode 3
✓ CreateFile /user/alice/data.txt
✓ Duplicate CreateFile correctly rejected
✓ AllocateBlock id=1 targets=3
    → 127.0.0.1:9003
    → 127.0.0.1:9002
    → 127.0.0.1:9001
✓ GetFileBlocks: 1 block
✓ Heartbeat accepted
[NameNode] BlockReport from 127.0.0.1:9001: 1 blocks
✓ BlockReport accepted
✓ ListFiles: 1 file(s)
✓ DeleteFile
✓ GetFileBlocks after delete correctly fails

✅ Week 6 NameNode integration test PASSED!
<end of output>
Test time =   5.01 sec
----------------------------------------------------------
Test Passed.
"NameNode" end time: May 10 10:51 CST
"NameNode" time elapsed: 00:00:05
----------------------------------------------------------

6/6 Testing: EndToEnd
6/6 Test: EndToEnd
Command: "/home/remedios/mini_storage/build/test_end_to_end"
Directory: /home/remedios/mini_storage/build
"EndToEnd" start time: May 10 10:51 CST
Output:
----------------------------------------------------------
=== Week 7: End-to-End Integration Test ===
[EditLog] Replayed 0 entries
[TcpServer] listening on 127.0.0.1:19190
✓ NameNode started on :19190
[DataNodeManager] Registered: 127.0.0.1:19191 free=969951MB
[DataNodeClient] Registered: 127.0.0.1:19191
[DataNodeClient] Sending block report: 0 blocks
[NameNode] BlockReport from 127.0.0.1:19191: 0 blocks
[DataNode] listening on 127.0.0.1:19191
[DataNodeManager] Registered: 127.0.0.1:19192 free=969951MB
[DataNodeClient] Registered: 127.0.0.1:19192
[DataNodeClient] Sending block report: 0 blocks
[NameNode] BlockReport from 127.0.0.1:19192: 0 blocks
[DataNode] listening on 127.0.0.1:19192
[DataNodeManager] Registered: 127.0.0.1:19193 free=969951MB
[DataNodeClient] Registered: 127.0.0.1:19193
[DataNodeClient] Sending block report: 0 blocks
[NameNode] BlockReport from 127.0.0.1:19193: 0 blocks
[DataNode] listening on 127.0.0.1:19193
✓ 3 DataNodes started and registered
[DataNode] Block 1 written to disk
[DataNode] Block 1 written to disk
[DataNode] Block 1 written to disk
[DataNode] Forwarded block 1 to 127.0.0.1:19191
[DataNode] Forwarded block 1 to 127.0.0.1:19192
✓ PutFile /test/hello.txt (1050 bytes)
✓ GetFile verified (content matches)
[DataNode] Block 2 written to disk
[DataNode] Block 2 written to disk
[DataNode] Block 2 written to disk
[DataNode] Forwarded block 2 to 127.0.0.1:19191
[DataNode] Forwarded block 2 to 127.0.0.1:19192
[DataNode] Block 3 written to disk
[DataNode] Block 3 written to disk
[DataNode] Block 3 written to disk
[DataNode] Forwarded block 3 to 127.0.0.1:19191
[DataNode] Forwarded block 3 to 127.0.0.1:19192
✓ PutFile /test/big.dat (5 MB, 2 blocks)
✓ GetFile /test/big.dat verified
[DataNode] Block 4 written to disk
[DataNode] Block 4 written to disk
[DataNode] Block 4 written to disk
[DataNode] Forwarded block 4 to 127.0.0.1:19191
[DataNode] Forwarded block 4 to 127.0.0.1:19192
✓ PutFile/GetFile exact 4MB block
[Client] GetFileBlocks failed: File not found: /test/hello.txt
✓ DeleteFile verified (file gone)
✓ Remaining files unaffected by delete
[DataNode] Block 5 written to disk
[DataNode] Block 5 written to disk
[DataNode] Block 5 written to disk
[DataNode] Forwarded block 5 to 127.0.0.1:19191
[DataNode] Forwarded block 5 to 127.0.0.1:19192
✓ Single-byte file OK

✅ Week 7 End-to-End integration test PASSED!
<end of output>
Test time =   5.02 sec
----------------------------------------------------------
Test Passed.
"EndToEnd" end time: May 10 10:52 CST
"EndToEnd" time elapsed: 00:00:05
----------------------------------------------------------

End testing: May 10 10:52 CST
